2014/08/20 22:34:39 [error] [exception.CException] exception 'CException' with message 'Property "Users.pass" is not defined.' in D:\php\htdocs\yii\framework\base\CComponent.php:130
Stack trace:
#0 D:\php\htdocs\yii\framework\db\ar\CActiveRecord.php(145): CComponent->__get('pass')
#1 D:\php\htdocs\newWeb\protected\components\UserIdentity.php(24): CActiveRecord->__get('pass')
#2 D:\php\htdocs\newWeb\protected\models\LoginForm.php(52): UserIdentity->authenticate()
#3 D:\php\htdocs\yii\framework\validators\CInlineValidator.php(42): LoginForm->authenticate('password', Array)
#4 D:\php\htdocs\yii\framework\validators\CValidator.php(213): CInlineValidator->validateAttribute(Object(LoginForm), 'password')
#5 D:\php\htdocs\yii\framework\base\CModel.php(159): CValidator->validate(Object(LoginForm), NULL)
#6 D:\php\htdocs\newWeb\protected\controllers\SiteController.php(94): CModel->validate()
#7 D:\php\htdocs\yii\framework\web\actions\CInlineAction.php(49): SiteController->actionLogin()
#8 D:\php\htdocs\yii\framework\web\CController.php(308): CInlineAction->runWithParams(Array)
#9 D:\php\htdocs\yii\framework\web\CController.php(286): CController->runAction(Object(CInlineAction))
#10 D:\php\htdocs\yii\framework\web\CController.php(265): CController->runActionWithFilters(Object(CInlineAction), Array)
#11 D:\php\htdocs\yii\framework\web\CWebApplication.php(282): CController->run('login')
#12 D:\php\htdocs\yii\framework\web\CWebApplication.php(141): CWebApplication->runController('site/login')
#13 D:\php\htdocs\yii\framework\base\CApplication.php(180): CWebApplication->processRequest()
#14 D:\php\htdocs\newWeb\index.php(13): CApplication->run()
#15 {main}
REQUEST_URI=/newWeb/index.php/site/login
HTTP_REFERER=http://localhost/newWeb/index.php/site/login
---
2014/08/20 22:36:47 [error] [exception.CHttpException.403] exception 'CHttpException' with message 'You are not authorized to perform this action.' in D:\php\htdocs\yii\framework\web\auth\CAccessControlFilter.php:182
Stack trace:
#0 D:\php\htdocs\yii\framework\web\auth\CAccessControlFilter.php(145): CAccessControlFilter->accessDenied(Object(CWebUser), 'You are not aut...')
#1 D:\php\htdocs\yii\framework\web\filters\CFilter.php(38): CAccessControlFilter->preFilter(Object(CFilterChain))
#2 D:\php\htdocs\yii\framework\web\CController.php(1145): CFilter->filter(Object(CFilterChain))
#3 D:\php\htdocs\yii\framework\web\filters\CInlineFilter.php(58): CController->filterAccessControl(Object(CFilterChain))
#4 D:\php\htdocs\yii\framework\web\filters\CFilterChain.php(130): CInlineFilter->filter(Object(CFilterChain))
#5 D:\php\htdocs\yii\framework\web\CController.php(291): CFilterChain->run()
#6 D:\php\htdocs\yii\framework\web\CController.php(265): CController->runActionWithFilters(Object(CInlineAction), Array)
#7 D:\php\htdocs\yii\framework\web\CWebApplication.php(282): CController->run('admin')
#8 D:\php\htdocs\yii\framework\web\CWebApplication.php(141): CWebApplication->runController('users/admin')
#9 D:\php\htdocs\yii\framework\base\CApplication.php(180): CWebApplication->processRequest()
#10 D:\php\htdocs\newWeb\index.php(13): CApplication->run()
#11 {main}
REQUEST_URI=/newWeb/index.php/users/admin
HTTP_REFERER=http://localhost/newWeb/index.php/site/login
---
2014/08/20 22:38:01 [error] [exception.CHttpException.403] exception 'CHttpException' with message 'You are not authorized to perform this action.' in D:\php\htdocs\yii\framework\web\auth\CAccessControlFilter.php:182
Stack trace:
#0 D:\php\htdocs\yii\framework\web\auth\CAccessControlFilter.php(145): CAccessControlFilter->accessDenied(Object(CWebUser), 'You are not aut...')
#1 D:\php\htdocs\yii\framework\web\filters\CFilter.php(38): CAccessControlFilter->preFilter(Object(CFilterChain))
#2 D:\php\htdocs\yii\framework\web\CController.php(1145): CFilter->filter(Object(CFilterChain))
#3 D:\php\htdocs\yii\framework\web\filters\CInlineFilter.php(58): CController->filterAccessControl(Object(CFilterChain))
#4 D:\php\htdocs\yii\framework\web\filters\CFilterChain.php(130): CInlineFilter->filter(Object(CFilterChain))
#5 D:\php\htdocs\yii\framework\web\CController.php(291): CFilterChain->run()
#6 D:\php\htdocs\yii\framework\web\CController.php(265): CController->runActionWithFilters(Object(CInlineAction), Array)
#7 D:\php\htdocs\yii\framework\web\CWebApplication.php(282): CController->run('admin')
#8 D:\php\htdocs\yii\framework\web\CWebApplication.php(141): CWebApplication->runController('users/admin')
#9 D:\php\htdocs\yii\framework\base\CApplication.php(180): CWebApplication->processRequest()
#10 D:\php\htdocs\newWeb\index.php(13): CApplication->run()
#11 {main}
REQUEST_URI=/newWeb/index.php/users/admin
HTTP_REFERER=http://localhost/newWeb/index.php/users/create
---
2014/08/20 23:33:30 [error] [exception.CException] exception 'CException' with message 'The view path "D:\php\htdocs\newWeb\themes\classic\views\front" is not a valid directory.' in D:\php\htdocs\yii\framework\web\CWebApplication.php:444
Stack trace:
#0 D:\php\htdocs\yii\framework\base\CComponent.php(152): CWebApplication->setViewPath('D:\php\htdocs\n...')
#1 D:\php\htdocs\newWeb\protected\components\WebApplicationEndBehavior.php(49): CComponent->__set('viewPath', 'D:\php\htdocs\n...')
#2 D:\php\htdocs\yii\framework\base\CComponent.php(561): WebApplicationEndBehavior->changeModulePaths(Object(CEvent))
#3 D:\php\htdocs\newWeb\protected\components\WebApplicationEndBehavior.php(38): CComponent->raiseEvent('onModuleCreate', Object(CEvent))
#4 D:\php\htdocs\newWeb\protected\components\WebApplicationEndBehavior.php(29): WebApplicationEndBehavior->onModuleCreate(Object(CEvent))
#5 [internal function]: WebApplicationEndBehavior->runEnd('front')
#6 D:\php\htdocs\yii\framework\base\CComponent.php(261): call_user_func_array(Array, Array)
#7 D:\php\htdocs\newWeb\index.php(13): CComponent->__call('runEnd', Array)
#8 D:\php\htdocs\newWeb\index.php(13): CWebApplication->runEnd('front')
#9 {main}
REQUEST_URI=/newWeb/index.php/site/index
HTTP_REFERER=http://localhost/newWeb/index.php/site/contact
---
2014/08/20 23:36:22 [error] [exception.CException] exception 'CException' with message 'The view path "D:\php\htdocs\newWeb\protected\views\front" is not a valid directory.' in D:\php\htdocs\yii\framework\web\CWebApplication.php:444
Stack trace:
#0 D:\php\htdocs\yii\framework\base\CComponent.php(152): CWebApplication->setViewPath('D:\php\htdocs\n...')
#1 D:\php\htdocs\newWeb\protected\components\WebApplicationEndBehavior.php(51): CComponent->__set('viewPath', 'D:\php\htdocs\n...')
#2 D:\php\htdocs\yii\framework\base\CComponent.php(561): WebApplicationEndBehavior->changeModulePaths(Object(CEvent))
#3 D:\php\htdocs\newWeb\protected\components\WebApplicationEndBehavior.php(38): CComponent->raiseEvent('onModuleCreate', Object(CEvent))
#4 D:\php\htdocs\newWeb\protected\components\WebApplicationEndBehavior.php(29): WebApplicationEndBehavior->onModuleCreate(Object(CEvent))
#5 [internal function]: WebApplicationEndBehavior->runEnd('front')
#6 D:\php\htdocs\yii\framework\base\CComponent.php(261): call_user_func_array(Array, Array)
#7 D:\php\htdocs\newWeb\index.php(13): CComponent->__call('runEnd', Array)
#8 D:\php\htdocs\newWeb\index.php(13): CWebApplication->runEnd('front')
#9 {main}
REQUEST_URI=/newWeb/index.php/site/index
HTTP_REFERER=http://localhost/newWeb/index.php/site/contact
---
2014/08/20 23:36:31 [error] [exception.CException] exception 'CException' with message 'The view path "D:\php\htdocs\newWeb\protected\views\front" is not a valid directory.' in D:\php\htdocs\yii\framework\web\CWebApplication.php:444
Stack trace:
#0 D:\php\htdocs\yii\framework\base\CComponent.php(152): CWebApplication->setViewPath('D:\php\htdocs\n...')
#1 D:\php\htdocs\newWeb\protected\components\WebApplicationEndBehavior.php(51): CComponent->__set('viewPath', 'D:\php\htdocs\n...')
#2 D:\php\htdocs\yii\framework\base\CComponent.php(561): WebApplicationEndBehavior->changeModulePaths(Object(CEvent))
#3 D:\php\htdocs\newWeb\protected\components\WebApplicationEndBehavior.php(38): CComponent->raiseEvent('onModuleCreate', Object(CEvent))
#4 D:\php\htdocs\newWeb\protected\components\WebApplicationEndBehavior.php(29): WebApplicationEndBehavior->onModuleCreate(Object(CEvent))
#5 [internal function]: WebApplicationEndBehavior->runEnd('front')
#6 D:\php\htdocs\yii\framework\base\CComponent.php(261): call_user_func_array(Array, Array)
#7 D:\php\htdocs\newWeb\index.php(13): CComponent->__call('runEnd', Array)
#8 D:\php\htdocs\newWeb\index.php(13): CWebApplication->runEnd('front')
#9 {main}
REQUEST_URI=/newWeb/
---
2014/08/21 00:16:58 [error] [exception.CException] exception 'CException' with message 'Property "Users.verifyCode" is not defined.' in D:\php\htdocs\yii\framework\base\CComponent.php:130
Stack trace:
#0 D:\php\htdocs\yii\framework\db\ar\CActiveRecord.php(145): CComponent->__get('verifyCode')
#1 D:\php\htdocs\yii\framework\web\helpers\CHtml.php(2529): CActiveRecord->__get('verifyCode')
#2 D:\php\htdocs\yii\framework\web\helpers\CHtml.php(2252): CHtml::resolveValue(Object(Users), 'verifyCode')
#3 D:\php\htdocs\yii\framework\web\helpers\CHtml.php(1434): CHtml::activeInputField('text', Object(Users), 'verifyCode', Array)
#4 D:\php\htdocs\yii\framework\web\widgets\CActiveForm.php(725): CHtml::activeTextField(Object(Users), 'verifyCode', Array)
#5 D:\php\htdocs\newWeb\protected\views\users\_form.php(63): CActiveForm->textField(Object(Users), 'verifyCode')
#6 D:\php\htdocs\yii\framework\web\CBaseController.php(126): require('D:\php\htdocs\n...')
#7 D:\php\htdocs\yii\framework\web\CBaseController.php(95): CBaseController->renderInternal('D:\php\htdocs\n...', Array, true)
#8 D:\php\htdocs\yii\framework\web\CController.php(869): CBaseController->renderFile('D:\php\htdocs\n...', Array, true)
#9 D:\php\htdocs\newWeb\protected\views\users\create.php(18): CController->renderPartial('_form', Array)
#10 D:\php\htdocs\yii\framework\web\CBaseController.php(126): require('D:\php\htdocs\n...')
#11 D:\php\htdocs\yii\framework\web\CBaseController.php(95): CBaseController->renderInternal('D:\php\htdocs\n...', Array, true)
#12 D:\php\htdocs\yii\framework\web\CController.php(869): CBaseController->renderFile('D:\php\htdocs\n...', Array, true)
#13 D:\php\htdocs\yii\framework\web\CController.php(782): CController->renderPartial('create', Array, true)
#14 D:\php\htdocs\newWeb\protected\controllers\UsersController.php(79): CController->render('create', Array)
#15 D:\php\htdocs\yii\framework\web\actions\CInlineAction.php(49): UsersController->actionCreate()
#16 D:\php\htdocs\yii\framework\web\CController.php(308): CInlineAction->runWithParams(Array)
#17 D:\php\htdocs\yii\framework\web\filters\CFilterChain.php(133): CController->runAction(Object(CInlineAction))
#18 D:\php\htdocs\yii\framework\web\filters\CFilter.php(40): CFilterChain->run()
#19 D:\php\htdocs\yii\framework\web\CController.php(1145): CFilter->filter(Object(CFilterChain))
#20 D:\php\htdocs\yii\framework\web\filters\CInlineFilter.php(58): CController->filterAccessControl(Object(CFilterChain))
#21 D:\php\htdocs\yii\framework\web\filters\CFilterChain.php(130): CInlineFilter->filter(Object(CFilterChain))
#22 D:\php\htdocs\yii\framework\web\CController.php(291): CFilterChain->run()
#23 D:\php\htdocs\yii\framework\web\CController.php(265): CController->runActionWithFilters(Object(CInlineAction), Array)
#24 D:\php\htdocs\yii\framework\web\CWebApplication.php(282): CController->run('create')
#25 D:\php\htdocs\yii\framework\web\CWebApplication.php(141): CWebApplication->runController('users/create')
#26 D:\php\htdocs\yii\framework\base\CApplication.php(180): CWebApplication->processRequest()
#27 D:\php\htdocs\newWeb\index.php(13): CApplication->run()
#28 {main}
REQUEST_URI=/newWeb/index.php/users/create
HTTP_REFERER=http://localhost/newWeb/index.php/site/login
---
2014/08/21 00:18:39 [error] [exception.CException] exception 'CException' with message 'Property "Users.verifyCode" is not defined.' in D:\php\htdocs\yii\framework\base\CComponent.php:130
Stack trace:
#0 D:\php\htdocs\yii\framework\db\ar\CActiveRecord.php(145): CComponent->__get('verifyCode')
#1 D:\php\htdocs\yii\framework\web\helpers\CHtml.php(2529): CActiveRecord->__get('verifyCode')
#2 D:\php\htdocs\yii\framework\web\helpers\CHtml.php(2252): CHtml::resolveValue(Object(Users), 'verifyCode')
#3 D:\php\htdocs\yii\framework\web\helpers\CHtml.php(1434): CHtml::activeInputField('text', Object(Users), 'verifyCode', Array)
#4 D:\php\htdocs\yii\framework\web\widgets\CActiveForm.php(725): CHtml::activeTextField(Object(Users), 'verifyCode', Array)
#5 D:\php\htdocs\newWeb\protected\views\users\_form.php(63): CActiveForm->textField(Object(Users), 'verifyCode')
#6 D:\php\htdocs\yii\framework\web\CBaseController.php(126): require('D:\php\htdocs\n...')
#7 D:\php\htdocs\yii\framework\web\CBaseController.php(95): CBaseController->renderInternal('D:\php\htdocs\n...', Array, true)
#8 D:\php\htdocs\yii\framework\web\CController.php(869): CBaseController->renderFile('D:\php\htdocs\n...', Array, true)
#9 D:\php\htdocs\newWeb\protected\views\users\create.php(18): CController->renderPartial('_form', Array)
#10 D:\php\htdocs\yii\framework\web\CBaseController.php(126): require('D:\php\htdocs\n...')
#11 D:\php\htdocs\yii\framework\web\CBaseController.php(95): CBaseController->renderInternal('D:\php\htdocs\n...', Array, true)
#12 D:\php\htdocs\yii\framework\web\CController.php(869): CBaseController->renderFile('D:\php\htdocs\n...', Array, true)
#13 D:\php\htdocs\yii\framework\web\CController.php(782): CController->renderPartial('create', Array, true)
#14 D:\php\htdocs\newWeb\protected\controllers\UsersController.php(91): CController->render('create', Array)
#15 D:\php\htdocs\yii\framework\web\actions\CInlineAction.php(49): UsersController->actionCreate()
#16 D:\php\htdocs\yii\framework\web\CController.php(308): CInlineAction->runWithParams(Array)
#17 D:\php\htdocs\yii\framework\web\filters\CFilterChain.php(133): CController->runAction(Object(CInlineAction))
#18 D:\php\htdocs\yii\framework\web\filters\CFilter.php(40): CFilterChain->run()
#19 D:\php\htdocs\yii\framework\web\CController.php(1145): CFilter->filter(Object(CFilterChain))
#20 D:\php\htdocs\yii\framework\web\filters\CInlineFilter.php(58): CController->filterAccessControl(Object(CFilterChain))
#21 D:\php\htdocs\yii\framework\web\filters\CFilterChain.php(130): CInlineFilter->filter(Object(CFilterChain))
#22 D:\php\htdocs\yii\framework\web\CController.php(291): CFilterChain->run()
#23 D:\php\htdocs\yii\framework\web\CController.php(265): CController->runActionWithFilters(Object(CInlineAction), Array)
#24 D:\php\htdocs\yii\framework\web\CWebApplication.php(282): CController->run('create')
#25 D:\php\htdocs\yii\framework\web\CWebApplication.php(141): CWebApplication->runController('users/create')
#26 D:\php\htdocs\yii\framework\base\CApplication.php(180): CWebApplication->processRequest()
#27 D:\php\htdocs\newWeb\index.php(13): CApplication->run()
#28 {main}
REQUEST_URI=/newWeb/index.php/users/create
HTTP_REFERER=http://localhost/newWeb/index.php/site/login
---
2014/08/21 00:20:26 [error] [exception.CException] exception 'CException' with message 'Property "Users.verifyCode" is not defined.' in D:\php\htdocs\yii\framework\base\CComponent.php:130
Stack trace:
#0 D:\php\htdocs\yii\framework\db\ar\CActiveRecord.php(145): CComponent->__get('verifyCode')
#1 D:\php\htdocs\yii\framework\web\helpers\CHtml.php(2529): CActiveRecord->__get('verifyCode')
#2 D:\php\htdocs\yii\framework\web\helpers\CHtml.php(2252): CHtml::resolveValue(Object(Users), 'verifyCode')
#3 D:\php\htdocs\yii\framework\web\helpers\CHtml.php(1434): CHtml::activeInputField('text', Object(Users), 'verifyCode', Array)
#4 D:\php\htdocs\yii\framework\web\widgets\CActiveForm.php(725): CHtml::activeTextField(Object(Users), 'verifyCode', Array)
#5 D:\php\htdocs\newWeb\protected\views\users\_form.php(63): CActiveForm->textField(Object(Users), 'verifyCode')
#6 D:\php\htdocs\yii\framework\web\CBaseController.php(126): require('D:\php\htdocs\n...')
#7 D:\php\htdocs\yii\framework\web\CBaseController.php(95): CBaseController->renderInternal('D:\php\htdocs\n...', Array, true)
#8 D:\php\htdocs\yii\framework\web\CController.php(869): CBaseController->renderFile('D:\php\htdocs\n...', Array, true)
#9 D:\php\htdocs\newWeb\protected\views\users\create.php(18): CController->renderPartial('_form', Array)
#10 D:\php\htdocs\yii\framework\web\CBaseController.php(126): require('D:\php\htdocs\n...')
#11 D:\php\htdocs\yii\framework\web\CBaseController.php(95): CBaseController->renderInternal('D:\php\htdocs\n...', Array, true)
#12 D:\php\htdocs\yii\framework\web\CController.php(869): CBaseController->renderFile('D:\php\htdocs\n...', Array, true)
#13 D:\php\htdocs\yii\framework\web\CController.php(782): CController->renderPartial('create', Array, true)
#14 D:\php\htdocs\newWeb\protected\controllers\UsersController.php(91): CController->render('create', Array)
#15 D:\php\htdocs\yii\framework\web\actions\CInlineAction.php(49): UsersController->actionCreate()
#16 D:\php\htdocs\yii\framework\web\CController.php(308): CInlineAction->runWithParams(Array)
#17 D:\php\htdocs\yii\framework\web\filters\CFilterChain.php(133): CController->runAction(Object(CInlineAction))
#18 D:\php\htdocs\yii\framework\web\filters\CFilter.php(40): CFilterChain->run()
#19 D:\php\htdocs\yii\framework\web\CController.php(1145): CFilter->filter(Object(CFilterChain))
#20 D:\php\htdocs\yii\framework\web\filters\CInlineFilter.php(58): CController->filterAccessControl(Object(CFilterChain))
#21 D:\php\htdocs\yii\framework\web\filters\CFilterChain.php(130): CInlineFilter->filter(Object(CFilterChain))
#22 D:\php\htdocs\yii\framework\web\CController.php(291): CFilterChain->run()
#23 D:\php\htdocs\yii\framework\web\CController.php(265): CController->runActionWithFilters(Object(CInlineAction), Array)
#24 D:\php\htdocs\yii\framework\web\CWebApplication.php(282): CController->run('create')
#25 D:\php\htdocs\yii\framework\web\CWebApplication.php(141): CWebApplication->runController('users/create')
#26 D:\php\htdocs\yii\framework\base\CApplication.php(180): CWebApplication->processRequest()
#27 D:\php\htdocs\newWeb\index.php(13): CApplication->run()
#28 {main}
REQUEST_URI=/newWeb/index.php/users/create
HTTP_REFERER=http://localhost/newWeb/index.php/site/login
---
2014/08/21 00:21:45 [error] [exception.CException] exception 'CException' with message 'Property "Users.verifyCode" is not defined.' in D:\php\htdocs\yii\framework\base\CComponent.php:130
Stack trace:
#0 D:\php\htdocs\yii\framework\db\ar\CActiveRecord.php(145): CComponent->__get('verifyCode')
#1 D:\php\htdocs\yii\framework\web\helpers\CHtml.php(2529): CActiveRecord->__get('verifyCode')
#2 D:\php\htdocs\yii\framework\web\helpers\CHtml.php(2252): CHtml::resolveValue(Object(Users), 'verifyCode')
#3 D:\php\htdocs\yii\framework\web\helpers\CHtml.php(1434): CHtml::activeInputField('text', Object(Users), 'verifyCode', Array)
#4 D:\php\htdocs\yii\framework\web\widgets\CActiveForm.php(725): CHtml::activeTextField(Object(Users), 'verifyCode', Array)
#5 D:\php\htdocs\newWeb\protected\views\users\_form.php(63): CActiveForm->textField(Object(Users), 'verifyCode')
#6 D:\php\htdocs\yii\framework\web\CBaseController.php(126): require('D:\php\htdocs\n...')
#7 D:\php\htdocs\yii\framework\web\CBaseController.php(95): CBaseController->renderInternal('D:\php\htdocs\n...', Array, true)
#8 D:\php\htdocs\yii\framework\web\CController.php(869): CBaseController->renderFile('D:\php\htdocs\n...', Array, true)
#9 D:\php\htdocs\newWeb\protected\views\users\create.php(18): CController->renderPartial('_form', Array)
#10 D:\php\htdocs\yii\framework\web\CBaseController.php(126): require('D:\php\htdocs\n...')
#11 D:\php\htdocs\yii\framework\web\CBaseController.php(95): CBaseController->renderInternal('D:\php\htdocs\n...', Array, true)
#12 D:\php\htdocs\yii\framework\web\CController.php(869): CBaseController->renderFile('D:\php\htdocs\n...', Array, true)
#13 D:\php\htdocs\yii\framework\web\CController.php(782): CController->renderPartial('create', Array, true)
#14 D:\php\htdocs\newWeb\protected\controllers\UsersController.php(91): CController->render('create', Array)
#15 D:\php\htdocs\yii\framework\web\actions\CInlineAction.php(49): UsersController->actionCreate()
#16 D:\php\htdocs\yii\framework\web\CController.php(308): CInlineAction->runWithParams(Array)
#17 D:\php\htdocs\yii\framework\web\filters\CFilterChain.php(133): CController->runAction(Object(CInlineAction))
#18 D:\php\htdocs\yii\framework\web\filters\CFilter.php(40): CFilterChain->run()
#19 D:\php\htdocs\yii\framework\web\CController.php(1145): CFilter->filter(Object(CFilterChain))
#20 D:\php\htdocs\yii\framework\web\filters\CInlineFilter.php(58): CController->filterAccessControl(Object(CFilterChain))
#21 D:\php\htdocs\yii\framework\web\filters\CFilterChain.php(130): CInlineFilter->filter(Object(CFilterChain))
#22 D:\php\htdocs\yii\framework\web\CController.php(291): CFilterChain->run()
#23 D:\php\htdocs\yii\framework\web\CController.php(265): CController->runActionWithFilters(Object(CInlineAction), Array)
#24 D:\php\htdocs\yii\framework\web\CWebApplication.php(282): CController->run('create')
#25 D:\php\htdocs\yii\framework\web\CWebApplication.php(141): CWebApplication->runController('users/create')
#26 D:\php\htdocs\yii\framework\base\CApplication.php(180): CWebApplication->processRequest()
#27 D:\php\htdocs\newWeb\index.php(13): CApplication->run()
#28 {main}
REQUEST_URI=/newWeb/index.php/users/create
HTTP_REFERER=http://localhost/newWeb/index.php/site/login
---
2014/08/21 00:22:56 [error] [exception.CHttpException.403] exception 'CHttpException' with message 'Login Required' in D:\php\htdocs\yii\framework\web\auth\CWebUser.php:394
Stack trace:
#0 D:\php\htdocs\yii\framework\web\auth\CAccessControlFilter.php(180): CWebUser->loginRequired()
#1 D:\php\htdocs\yii\framework\web\auth\CAccessControlFilter.php(145): CAccessControlFilter->accessDenied(Object(CWebUser), 'You are not aut...')
#2 D:\php\htdocs\yii\framework\web\filters\CFilter.php(38): CAccessControlFilter->preFilter(Object(CFilterChain))
#3 D:\php\htdocs\yii\framework\web\CController.php(1145): CFilter->filter(Object(CFilterChain))
#4 D:\php\htdocs\yii\framework\web\filters\CInlineFilter.php(58): CController->filterAccessControl(Object(CFilterChain))
#5 D:\php\htdocs\yii\framework\web\filters\CFilterChain.php(130): CInlineFilter->filter(Object(CFilterChain))
#6 D:\php\htdocs\yii\framework\web\CController.php(291): CFilterChain->run()
#7 D:\php\htdocs\yii\framework\web\CController.php(265): CController->runActionWithFilters(Object(CCaptchaAction), Array)
#8 D:\php\htdocs\yii\framework\web\CWebApplication.php(282): CController->run('captcha')
#9 D:\php\htdocs\yii\framework\web\CWebApplication.php(141): CWebApplication->runController('users/captcha')
#10 D:\php\htdocs\yii\framework\base\CApplication.php(180): CWebApplication->processRequest()
#11 D:\php\htdocs\newWeb\index.php(13): CApplication->run()
#12 {main}
REQUEST_URI=/newWeb/index.php/users/captcha?refresh=1&_=1408573376021
HTTP_REFERER=http://localhost/newWeb/index.php/users/create
---
2014/08/21 00:30:13 [error] [exception.CHttpException.404] exception 'CHttpException' with message 'Unable to resolve the request "si/captcha".' in D:\php\htdocs\yii\framework\web\CWebApplication.php:286
Stack trace:
#0 D:\php\htdocs\yii\framework\web\CWebApplication.php(141): CWebApplication->runController('si/captcha')
#1 D:\php\htdocs\yii\framework\base\CApplication.php(180): CWebApplication->processRequest()
#2 D:\php\htdocs\newWeb\index.php(13): CApplication->run()
#3 {main}
REQUEST_URI=/newWeb/index.php/si/captcha?v=53f521622583b
HTTP_REFERER=http://localhost/newWeb/index.php/users/create
---
2014/08/21 00:44:41 [error] [exception.CException] exception 'CException' with message 'Property "LoginForm.verifyCode" is not defined.' in D:\php\htdocs\yii\framework\base\CComponent.php:130
Stack trace:
#0 D:\php\htdocs\yii\framework\web\helpers\CHtml.php(2529): CComponent->__get('verifyCode')
#1 D:\php\htdocs\yii\framework\web\helpers\CHtml.php(2252): CHtml::resolveValue(Object(LoginForm), 'verifyCode')
#2 D:\php\htdocs\yii\framework\web\helpers\CHtml.php(1434): CHtml::activeInputField('text', Object(LoginForm), 'verifyCode', Array)
#3 D:\php\htdocs\yii\framework\web\widgets\CActiveForm.php(725): CHtml::activeTextField(Object(LoginForm), 'verifyCode', Array)
#4 D:\php\htdocs\newWeb\protected\views\site\login.php(44): CActiveForm->textField(Object(LoginForm), 'verifyCode')
#5 D:\php\htdocs\yii\framework\web\CBaseController.php(126): require('D:\php\htdocs\n...')
#6 D:\php\htdocs\yii\framework\web\CBaseController.php(95): CBaseController->renderInternal('D:\php\htdocs\n...', Array, true)
#7 D:\php\htdocs\yii\framework\web\CController.php(869): CBaseController->renderFile('D:\php\htdocs\n...', Array, true)
#8 D:\php\htdocs\yii\framework\web\CController.php(782): CController->renderPartial('login', Array, true)
#9 D:\php\htdocs\newWeb\protected\controllers\SiteController.php(98): CController->render('login', Array)
#10 D:\php\htdocs\yii\framework\web\actions\CInlineAction.php(49): SiteController->actionLogin()
#11 D:\php\htdocs\yii\framework\web\CController.php(308): CInlineAction->runWithParams(Array)
#12 D:\php\htdocs\yii\framework\web\CController.php(286): CController->runAction(Object(CInlineAction))
#13 D:\php\htdocs\yii\framework\web\CController.php(265): CController->runActionWithFilters(Object(CInlineAction), Array)
#14 D:\php\htdocs\yii\framework\web\CWebApplication.php(282): CController->run('login')
#15 D:\php\htdocs\yii\framework\web\CWebApplication.php(141): CWebApplication->runController('site/login')
#16 D:\php\htdocs\yii\framework\base\CApplication.php(180): CWebApplication->processRequest()
#17 D:\php\htdocs\newWeb\index.php(13): CApplication->run()
#18 {main}
REQUEST_URI=/newWeb/index.php/site/login
HTTP_REFERER=http://localhost/newWeb/index.php/site/login
---
2014/08/21 00:45:35 [error] [exception.CException] exception 'CException' with message 'Property "LoginForm.verifyCode" is not defined.' in D:\php\htdocs\yii\framework\base\CComponent.php:130
Stack trace:
#0 D:\php\htdocs\yii\framework\web\helpers\CHtml.php(2529): CComponent->__get('verifyCode')
#1 D:\php\htdocs\yii\framework\web\helpers\CHtml.php(2252): CHtml::resolveValue(Object(LoginForm), 'verifyCode')
#2 D:\php\htdocs\yii\framework\web\helpers\CHtml.php(1434): CHtml::activeInputField('text', Object(LoginForm), 'verifyCode', Array)
#3 D:\php\htdocs\yii\framework\web\widgets\CActiveForm.php(725): CHtml::activeTextField(Object(LoginForm), 'verifyCode', Array)
#4 D:\php\htdocs\newWeb\protected\views\site\login.php(44): CActiveForm->textField(Object(LoginForm), 'verifyCode')
#5 D:\php\htdocs\yii\framework\web\CBaseController.php(126): require('D:\php\htdocs\n...')
#6 D:\php\htdocs\yii\framework\web\CBaseController.php(95): CBaseController->renderInternal('D:\php\htdocs\n...', Array, true)
#7 D:\php\htdocs\yii\framework\web\CController.php(869): CBaseController->renderFile('D:\php\htdocs\n...', Array, true)
#8 D:\php\htdocs\yii\framework\web\CController.php(782): CController->renderPartial('login', Array, true)
#9 D:\php\htdocs\newWeb\protected\controllers\SiteController.php(98): CController->render('login', Array)
#10 D:\php\htdocs\yii\framework\web\actions\CInlineAction.php(49): SiteController->actionLogin()
#11 D:\php\htdocs\yii\framework\web\CController.php(308): CInlineAction->runWithParams(Array)
#12 D:\php\htdocs\yii\framework\web\CController.php(286): CController->runAction(Object(CInlineAction))
#13 D:\php\htdocs\yii\framework\web\CController.php(265): CController->runActionWithFilters(Object(CInlineAction), Array)
#14 D:\php\htdocs\yii\framework\web\CWebApplication.php(282): CController->run('login')
#15 D:\php\htdocs\yii\framework\web\CWebApplication.php(141): CWebApplication->runController('site/login')
#16 D:\php\htdocs\yii\framework\base\CApplication.php(180): CWebApplication->processRequest()
#17 D:\php\htdocs\newWeb\index.php(13): CApplication->run()
#18 {main}
REQUEST_URI=/newWeb/index.php/site/login
HTTP_REFERER=http://localhost/newWeb/index.php/site/login
---
2014/08/21 00:45:37 [error] [exception.CException] exception 'CException' with message 'Property "LoginForm.verifyCode" is not defined.' in D:\php\htdocs\yii\framework\base\CComponent.php:130
Stack trace:
#0 D:\php\htdocs\yii\framework\web\helpers\CHtml.php(2529): CComponent->__get('verifyCode')
#1 D:\php\htdocs\yii\framework\web\helpers\CHtml.php(2252): CHtml::resolveValue(Object(LoginForm), 'verifyCode')
#2 D:\php\htdocs\yii\framework\web\helpers\CHtml.php(1434): CHtml::activeInputField('text', Object(LoginForm), 'verifyCode', Array)
#3 D:\php\htdocs\yii\framework\web\widgets\CActiveForm.php(725): CHtml::activeTextField(Object(LoginForm), 'verifyCode', Array)
#4 D:\php\htdocs\newWeb\protected\views\site\login.php(44): CActiveForm->textField(Object(LoginForm), 'verifyCode')
#5 D:\php\htdocs\yii\framework\web\CBaseController.php(126): require('D:\php\htdocs\n...')
#6 D:\php\htdocs\yii\framework\web\CBaseController.php(95): CBaseController->renderInternal('D:\php\htdocs\n...', Array, true)
#7 D:\php\htdocs\yii\framework\web\CController.php(869): CBaseController->renderFile('D:\php\htdocs\n...', Array, true)
#8 D:\php\htdocs\yii\framework\web\CController.php(782): CController->renderPartial('login', Array, true)
#9 D:\php\htdocs\newWeb\protected\controllers\SiteController.php(98): CController->render('login', Array)
#10 D:\php\htdocs\yii\framework\web\actions\CInlineAction.php(49): SiteController->actionLogin()
#11 D:\php\htdocs\yii\framework\web\CController.php(308): CInlineAction->runWithParams(Array)
#12 D:\php\htdocs\yii\framework\web\CController.php(286): CController->runAction(Object(CInlineAction))
#13 D:\php\htdocs\yii\framework\web\CController.php(265): CController->runActionWithFilters(Object(CInlineAction), Array)
#14 D:\php\htdocs\yii\framework\web\CWebApplication.php(282): CController->run('login')
#15 D:\php\htdocs\yii\framework\web\CWebApplication.php(141): CWebApplication->runController('site/login')
#16 D:\php\htdocs\yii\framework\base\CApplication.php(180): CWebApplication->processRequest()
#17 D:\php\htdocs\newWeb\index.php(13): CApplication->run()
#18 {main}
REQUEST_URI=/newWeb/index.php/site/login
---
